<?xml version="1.0" encoding="UTF-8"?>
<!-- Generated by org.testng.reporters.JUnitReportReporter -->
<testsuite hostname="DESKTOP-NCFL89A" failures="0" tests="1" name="CalenderPop.CalenderPop" time="179.920" errors="0" timestamp="2020-11-09T06:43:39 PST" skipped="0">
  <testcase classname="CalenderPop.CalenderPop" name="calenderPop" time="179.920"/>
  <system-out/>
</testsuite> <!-- CalenderPop.CalenderPop -->
