<?xml version="1.0" encoding="UTF-8"?>
<!-- Generated by org.testng.reporters.JUnitReportReporter -->
<testsuite hostname="DESKTOP-NCFL89A" failures="0" tests="1" name="CalenderPop.CalenderPopTest" time="29.945" errors="0" timestamp="2020-11-09T10:06:36 PST" skipped="0">
  <testcase classname="CalenderPop.CalenderPopTest" name="calenderPop" time="29.945"/>
  <system-out/>
</testsuite> <!-- CalenderPop.CalenderPopTest -->
